\BOOKMARK [1][]{zy.1}{\376\377\144\130\211\201}{}% 1
\BOOKMARK [1][]{section.1}{\376\377\116\000\060\001\000\040\225\356\230\230\221\315\217\360}{}% 2
\BOOKMARK [2][]{subsection.1.1}{\376\377\0001\000.\0001\000\040\225\356\230\230\200\314\146\157}{section.1}% 3
\BOOKMARK [2][]{subsection.1.2}{\376\377\0001\000.\0002\000\040\121\167\117\123\116\373\122\241}{section.1}% 4
\BOOKMARK [1][]{section.2}{\376\377\116\214\060\001\000\040\145\160\143\156\164\006\211\343\116\016\140\073\117\123\140\035\215\357}{}% 5
\BOOKMARK [2][]{subsection.2.1}{\376\377\0002\000.\0001\000\040\145\160\143\156\150\070\232\214\116\016\172\063\120\145\230\204\131\004\164\006}{section.2}% 6
\BOOKMARK [1][]{section.3}{\376\377\116\011\060\001\000\040\152\041\127\213\120\107\213\276}{}% 7
\BOOKMARK [1][]{section.4}{\376\377\126\333\060\001\000\040\173\046\123\367\213\364\146\016}{}% 8
\BOOKMARK [1][]{section.5}{\376\377\116\224\060\001\000\040\225\356\230\230\116\000\377\032\117\123\215\050\116\016\165\037\123\026\166\204\123\314\124\021\211\343\200\046\123\312\150\070\137\303\150\007\137\327\162\151\173\133\220\011}{}% 9
\BOOKMARK [2][]{subsection.5.1}{\376\377\0005\000.\0001\000\040\232\330\226\066\116\222\117\341\140\157\116\016\162\171\137\201\131\032\176\364\226\115\176\364\213\304\117\060\167\351\226\065}{section.5}% 10
\BOOKMARK [2][]{subsection.5.2}{\376\377\0005\000.\0002\000\040\117\123\215\050\165\305\164\006\116\013\154\211\377\032\127\372\116\216\000\040\000A\000M\000E\000\040\166\204\151\202\163\207\217\271\226\105\145\110\136\224\122\145\171\273}{section.5}% 11
\BOOKMARK [1][]{section.6}{\376\377\121\155\060\001\000\040\225\356\230\230\116\214\377\032\127\372\116\216\000\040\000T\000r\000e\000e\000S\000H\000A\000P\000\040\207\215\124\010\166\204\137\002\147\204\213\312\145\255\040\023\145\351\173\133\176\247\200\124\177\121\176\334}{}% 12
\BOOKMARK [2][]{subsection.6.1}{\376\377\0006\000.\0001\000\040\123\314\150\070\136\166\200\124\147\266\147\204\116\016\000\040\000S\000H\000A\000P\000\040\137\256\211\302\137\122\126\340\126\376\214\061}{section.6}% 13
\BOOKMARK [2][]{subsection.6.2}{\376\377\0006\000.\0002\000\040\145\366\172\172\160\021\136\003\122\007\162\107\377\032\116\011\176\247\230\204\121\110\122\250\140\001\230\316\143\247\117\123\174\373}{section.6}% 14
\BOOKMARK [1][]{section.7}{\376\377\116\003\060\001\000\040\225\356\230\230\116\011\377\032\232\154\134\024\123\357\131\053\121\263\173\126\155\361\136\246\123\005\176\334\116\013\166\204\116\052\117\123\147\000\117\030\136\162\230\204}{}% 15
\BOOKMARK [2][]{subsection.7.1}{\376\377\0007\000.\0001\000\040\122\032\140\047\176\246\147\137\162\266\140\001\126\376\211\343\116\016\147\000\117\030\143\247\122\066\215\035\134\024\146\374\145\271\172\013}{section.7}% 16
\BOOKMARK [2][]{subsection.7.2}{\376\377\0007\000.\0002\000\040\150\070\137\303\217\150\217\371\154\102\211\343\116\016\226\115\217\150\157\024\123\026\162\171\140\047\122\126\147\220}{section.7}% 17
\BOOKMARK [1][]{section.8}{\376\377\121\153\060\001\000\040\152\041\127\213\150\300\232\214\116\016\176\323\147\234\213\250\213\272}{}% 18
\BOOKMARK [1][]{section.9}{\376\377\116\135\060\001\000\040\152\041\127\213\213\304\116\367}{}% 19
\BOOKMARK [2][]{subsection.9.1}{\376\377\0009\000.\0001\000\040\152\041\127\213\117\030\160\271}{section.9}% 20
\BOOKMARK [2][]{subsection.9.2}{\376\377\0009\000.\0002\000\040\152\041\127\213\116\015\215\263}{section.9}% 21
\BOOKMARK [1][]{section*.11}{\376\377\123\302\200\003\145\207\163\056}{}% 22
\BOOKMARK [1][]{appendix.A}{\376\377\226\104\137\125\0001\377\032\000\040\173\227\154\325\133\236\163\260\213\364\146\016}{}% 23
\BOOKMARK [1][]{appendix.B}{\376\377\226\104\137\125\0002\377\032\000\040\225\356\230\230\116\011\150\070\137\303\154\102\211\343\117\052\116\343\170\001}{}% 24
